This file contains any messages produced by compilers while
running configure, to aid debugging if configure makes a mistake.

It was created by pygobject configure 3.12.2, which was
generated by GNU Autoconf 2.69.  Invocation command line was

  $ ./configure 

## --------- ##
## Platform. ##
## --------- ##

hostname = CI-97819-3
uname -m = x86_64
uname -r = 3.19.0-33-generic
uname -s = Linux
uname -v = #38~14.04.1-Ubuntu SMP Fri Nov 6 18:17:28 UTC 2015

/usr/bin/uname -p = unknown
/bin/uname -X     = unknown

/bin/arch              = unknown
/usr/bin/arch -k       = unknown
/usr/convex/getsysinfo = unknown
/usr/bin/hostinfo      = unknown
/bin/machine           = unknown
/usr/bin/oslevel       = unknown
/bin/universe          = unknown

PATH: /home/dkykuta/Envs/hostmaker27/bin
PATH: /home/dkykuta/bin
PATH: /home/dkykuta/bin
PATH: /usr/local/sbin
PATH: /usr/local/bin
PATH: /usr/sbin
PATH: /usr/bin
PATH: /sbin
PATH: /bin
PATH: /usr/games
PATH: /usr/local/games


## ----------- ##
## Core tests. ##
## ----------- ##

configure:2266: checking whether make supports nested variables
configure:2283: result: yes
configure:2339: checking for a BSD-compatible install
configure:2407: result: /usr/bin/install -c
configure:2418: checking whether build environment is sane
configure:2473: result: yes
configure:2624: checking for a thread-safe mkdir -p
configure:2663: result: /bin/mkdir -p
configure:2670: checking for gawk
configure:2686: found /usr/bin/gawk
configure:2697: result: gawk
configure:2708: checking whether make sets $(MAKE)
configure:2730: result: yes
configure:2828: checking build system type
configure:2842: result: x86_64-unknown-linux-gnu
configure:2862: checking host system type
configure:2875: result: x86_64-unknown-linux-gnu
configure:2895: checking for some Win32 platform
configure:2905: result: no
configure:2916: checking for native Win32
configure:2926: result: no
configure:2984: checking how to print strings
configure:3011: result: printf
configure:3044: checking for style of include used by make
configure:3072: result: GNU
configure:3143: checking for gcc
configure:3159: found /usr/bin/gcc
configure:3170: result: gcc
configure:3399: checking for C compiler version
configure:3408: gcc --version >&5
gcc (Ubuntu 4.8.4-2ubuntu1~14.04.3) 4.8.4
Copyright (C) 2013 Free Software Foundation, Inc.
This is free software; see the source for copying conditions.  There is NO
warranty; not even for MERCHANTABILITY or FITNESS FOR A PARTICULAR PURPOSE.

configure:3419: $? = 0
configure:3408: gcc -v >&5
Using built-in specs.
COLLECT_GCC=gcc
COLLECT_LTO_WRAPPER=/usr/lib/gcc/x86_64-linux-gnu/4.8/lto-wrapper
Target: x86_64-linux-gnu
Configured with: ../src/configure -v --with-pkgversion='Ubuntu 4.8.4-2ubuntu1~14.04.3' --with-bugurl=file:///usr/share/doc/gcc-4.8/README.Bugs --enable-languages=c,c++,java,go,d,fortran,objc,obj-c++ --prefix=/usr --program-suffix=-4.8 --enable-shared --enable-linker-build-id --libexecdir=/usr/lib --without-included-gettext --enable-threads=posix --with-gxx-include-dir=/usr/include/c++/4.8 --libdir=/usr/lib --enable-nls --with-sysroot=/ --enable-clocale=gnu --enable-libstdcxx-debug --enable-libstdcxx-time=yes --enable-gnu-unique-object --disable-libmudflap --enable-plugin --with-system-zlib --disable-browser-plugin --enable-java-awt=gtk --enable-gtk-cairo --with-java-home=/usr/lib/jvm/java-1.5.0-gcj-4.8-amd64/jre --enable-java-home --with-jvm-root-dir=/usr/lib/jvm/java-1.5.0-gcj-4.8-amd64 --with-jvm-jar-dir=/usr/lib/jvm-exports/java-1.5.0-gcj-4.8-amd64 --with-arch-directory=amd64 --with-ecj-jar=/usr/share/java/eclipse-ecj.jar --enable-objc-gc --enable-multiarch --disable-werror --with-arch-32=i686 --with-abi=m64 --with-multilib-list=m32,m64,mx32 --with-tune=generic --enable-checking=release --build=x86_64-linux-gnu --host=x86_64-linux-gnu --target=x86_64-linux-gnu
Thread model: posix
gcc version 4.8.4 (Ubuntu 4.8.4-2ubuntu1~14.04.3) 
configure:3419: $? = 0
configure:3408: gcc -V >&5
gcc: error: unrecognized command line option '-V'
gcc: fatal error: no input files
compilation terminated.
configure:3419: $? = 4
configure:3408: gcc -qversion >&5
gcc: error: unrecognized command line option '-qversion'
gcc: fatal error: no input files
compilation terminated.
configure:3419: $? = 4
configure:3439: checking whether the C compiler works
configure:3461: gcc    conftest.c  >&5
configure:3465: $? = 0
configure:3513: result: yes
configure:3516: checking for C compiler default output file name
configure:3518: result: a.out
configure:3524: checking for suffix of executables
configure:3531: gcc -o conftest    conftest.c  >&5
configure:3535: $? = 0
configure:3557: result: 
configure:3579: checking whether we are cross compiling
configure:3587: gcc -o conftest    conftest.c  >&5
configure:3591: $? = 0
configure:3598: ./conftest
configure:3602: $? = 0
configure:3617: result: no
configure:3622: checking for suffix of object files
configure:3644: gcc -c   conftest.c >&5
configure:3648: $? = 0
configure:3669: result: o
configure:3673: checking whether we are using the GNU C compiler
configure:3692: gcc -c   conftest.c >&5
configure:3692: $? = 0
configure:3701: result: yes
configure:3710: checking whether gcc accepts -g
configure:3730: gcc -c -g  conftest.c >&5
configure:3730: $? = 0
configure:3771: result: yes
configure:3788: checking for gcc option to accept ISO C89
configure:3851: gcc  -c -g -O2  conftest.c >&5
configure:3851: $? = 0
configure:3864: result: none needed
configure:3886: checking dependency style of gcc
configure:3997: result: gcc3
configure:4012: checking for a sed that does not truncate output
configure:4076: result: /bin/sed
configure:4094: checking for grep that handles long lines and -e
configure:4152: result: /bin/grep
configure:4157: checking for egrep
configure:4219: result: /bin/grep -E
configure:4224: checking for fgrep
configure:4286: result: /bin/grep -F
configure:4321: checking for ld used by gcc
configure:4388: result: /usr/bin/ld
configure:4395: checking if the linker (/usr/bin/ld) is GNU ld
configure:4410: result: yes
configure:4422: checking for BSD- or MS-compatible name lister (nm)
configure:4471: result: /usr/bin/nm -B
configure:4601: checking the name lister (/usr/bin/nm -B) interface
configure:4608: gcc -c -g -O2  conftest.c >&5
configure:4611: /usr/bin/nm -B "conftest.o"
configure:4614: output
0000000000000000 B some_variable
configure:4621: result: BSD nm
configure:4624: checking whether ln -s works
configure:4628: result: yes
configure:4636: checking the maximum length of command line arguments
configure:4766: result: 1572864
configure:4783: checking whether the shell understands some XSI constructs
configure:4793: result: yes
configure:4797: checking whether the shell understands "+="
configure:4803: result: yes
configure:4838: checking how to convert x86_64-unknown-linux-gnu file names to x86_64-unknown-linux-gnu format
configure:4878: result: func_convert_file_noop
configure:4885: checking how to convert x86_64-unknown-linux-gnu file names to toolchain format
configure:4905: result: func_convert_file_noop
configure:4912: checking for /usr/bin/ld option to reload object files
configure:4919: result: -r
configure:4993: checking for objdump
configure:5009: found /usr/bin/objdump
configure:5020: result: objdump
configure:5049: checking how to recognize dependent libraries
configure:5251: result: pass_all
configure:5336: checking for dlltool
configure:5366: result: no
configure:5393: checking how to associate runtime and link libraries
configure:5420: result: printf %s\n
configure:5481: checking for ar
configure:5497: found /usr/bin/ar
configure:5508: result: ar
configure:5545: checking for archiver @FILE support
configure:5562: gcc -c -g -O2  conftest.c >&5
configure:5562: $? = 0
configure:5565: ar cru libconftest.a @conftest.lst >&5
configure:5568: $? = 0
configure:5573: ar cru libconftest.a @conftest.lst >&5
ar: conftest.o: No such file or directory
configure:5576: $? = 1
configure:5588: result: @
configure:5646: checking for strip
configure:5662: found /usr/bin/strip
configure:5673: result: strip
configure:5745: checking for ranlib
configure:5761: found /usr/bin/ranlib
configure:5772: result: ranlib
configure:5874: checking command to parse /usr/bin/nm -B output from gcc object
configure:5994: gcc -c -g -O2  conftest.c >&5
configure:5997: $? = 0
configure:6001: /usr/bin/nm -B conftest.o \| sed -n -e 's/^.*[ ]\([ABCDGIRSTW][ABCDGIRSTW]*\)[ ][ ]*\([_A-Za-z][_A-Za-z0-9]*\)$/\1 \2 \2/p' | sed '/ __gnu_lto/d' \> conftest.nm
configure:6004: $? = 0
configure:6070: gcc -o conftest -g -O2   conftest.c conftstm.o >&5
configure:6073: $? = 0
configure:6111: result: ok
configure:6148: checking for sysroot
configure:6178: result: no
configure:6255: gcc -c -g -O2  conftest.c >&5
configure:6258: $? = 0
configure:6440: checking for mt
configure:6456: found /bin/mt
configure:6467: result: mt
configure:6490: checking if mt is a manifest tool
configure:6496: mt '-?'
configure:6504: result: no
configure:7146: checking how to run the C preprocessor
configure:7177: gcc -E  conftest.c
configure:7177: $? = 0
configure:7191: gcc -E  conftest.c
conftest.c:14:28: fatal error: ac_nonexistent.h: No such file or directory
 #include <ac_nonexistent.h>
                            ^
compilation terminated.
configure:7191: $? = 1
configure: failed program was:
| /* confdefs.h */
| #define PACKAGE_NAME "pygobject"
| #define PACKAGE_TARNAME "pygobject"
| #define PACKAGE_VERSION "3.12.2"
| #define PACKAGE_STRING "pygobject 3.12.2"
| #define PACKAGE_BUGREPORT "http://bugzilla.gnome.org/enter_bug.cgi?product=pygobject"
| #define PACKAGE_URL "https://live.gnome.org/PyGObject/"
| #define PYGOBJECT_MAJOR_VERSION 3
| #define PYGOBJECT_MINOR_VERSION 12
| #define PYGOBJECT_MICRO_VERSION 2
| #define PACKAGE "pygobject"
| #define VERSION "3.12.2"
| /* end confdefs.h.  */
| #include <ac_nonexistent.h>
configure:7216: result: gcc -E
configure:7236: gcc -E  conftest.c
configure:7236: $? = 0
configure:7250: gcc -E  conftest.c
conftest.c:14:28: fatal error: ac_nonexistent.h: No such file or directory
 #include <ac_nonexistent.h>
                            ^
compilation terminated.
configure:7250: $? = 1
configure: failed program was:
| /* confdefs.h */
| #define PACKAGE_NAME "pygobject"
| #define PACKAGE_TARNAME "pygobject"
| #define PACKAGE_VERSION "3.12.2"
| #define PACKAGE_STRING "pygobject 3.12.2"
| #define PACKAGE_BUGREPORT "http://bugzilla.gnome.org/enter_bug.cgi?product=pygobject"
| #define PACKAGE_URL "https://live.gnome.org/PyGObject/"
| #define PYGOBJECT_MAJOR_VERSION 3
| #define PYGOBJECT_MINOR_VERSION 12
| #define PYGOBJECT_MICRO_VERSION 2
| #define PACKAGE "pygobject"
| #define VERSION "3.12.2"
| /* end confdefs.h.  */
| #include <ac_nonexistent.h>
configure:7279: checking for ANSI C header files
configure:7299: gcc -c -g -O2  conftest.c >&5
configure:7299: $? = 0
configure:7372: gcc -o conftest -g -O2   conftest.c  >&5
configure:7372: $? = 0
configure:7372: ./conftest
configure:7372: $? = 0
configure:7383: result: yes
configure:7396: checking for sys/types.h
configure:7396: gcc -c -g -O2  conftest.c >&5
configure:7396: $? = 0
configure:7396: result: yes
configure:7396: checking for sys/stat.h
configure:7396: gcc -c -g -O2  conftest.c >&5
configure:7396: $? = 0
configure:7396: result: yes
configure:7396: checking for stdlib.h
configure:7396: gcc -c -g -O2  conftest.c >&5
configure:7396: $? = 0
configure:7396: result: yes
configure:7396: checking for string.h
configure:7396: gcc -c -g -O2  conftest.c >&5
configure:7396: $? = 0
configure:7396: result: yes
configure:7396: checking for memory.h
configure:7396: gcc -c -g -O2  conftest.c >&5
configure:7396: $? = 0
configure:7396: result: yes
configure:7396: checking for strings.h
configure:7396: gcc -c -g -O2  conftest.c >&5
configure:7396: $? = 0
configure:7396: result: yes
configure:7396: checking for inttypes.h
configure:7396: gcc -c -g -O2  conftest.c >&5
configure:7396: $? = 0
configure:7396: result: yes
configure:7396: checking for stdint.h
configure:7396: gcc -c -g -O2  conftest.c >&5
configure:7396: $? = 0
configure:7396: result: yes
configure:7396: checking for unistd.h
configure:7396: gcc -c -g -O2  conftest.c >&5
configure:7396: $? = 0
configure:7396: result: yes
configure:7410: checking for dlfcn.h
configure:7410: gcc -c -g -O2  conftest.c >&5
configure:7410: $? = 0
configure:7410: result: yes
configure:7912: checking for objdir
configure:7927: result: .libs
configure:8194: checking if gcc supports -fno-rtti -fno-exceptions
configure:8212: gcc -c -g -O2  -fno-rtti -fno-exceptions conftest.c >&5
cc1: warning: command line option '-fno-rtti' is valid for C++/ObjC++ but not for C [enabled by default]
configure:8216: $? = 0
configure:8229: result: no
configure:8556: checking for gcc option to produce PIC
configure:8563: result: -fPIC -DPIC
configure:8571: checking if gcc PIC flag -fPIC -DPIC works
configure:8589: gcc -c -g -O2  -fPIC -DPIC -DPIC conftest.c >&5
configure:8593: $? = 0
configure:8606: result: yes
configure:8635: checking if gcc static flag -static works
configure:8663: result: yes
configure:8678: checking if gcc supports -c -o file.o
configure:8699: gcc -c -g -O2  -o out/conftest2.o conftest.c >&5
configure:8703: $? = 0
configure:8725: result: yes
configure:8733: checking if gcc supports -c -o file.o
configure:8780: result: yes
configure:8813: checking whether the gcc linker (/usr/bin/ld -m elf_x86_64) supports shared libraries
configure:9966: result: yes
configure:10003: checking whether -lc should be explicitly linked in
configure:10011: gcc -c -g -O2  conftest.c >&5
configure:10014: $? = 0
configure:10029: gcc -shared  -fPIC -DPIC conftest.o  -v -Wl,-soname -Wl,conftest -o conftest 2\>\&1 \| /bin/grep  -lc  \>/dev/null 2\>\&1
configure:10032: $? = 0
configure:10046: result: no
configure:10206: checking dynamic linker characteristics
configure:10717: gcc -o conftest -g -O2   -Wl,-rpath -Wl,/foo conftest.c  >&5
configure:10717: $? = 0
configure:10943: result: GNU/Linux ld.so
configure:11050: checking how to hardcode library paths into programs
configure:11075: result: immediate
configure:11169: checking for shl_load
configure:11169: gcc -o conftest -g -O2   conftest.c  >&5
/tmp/ccL0LeP3.o: In function `main':
/home/dkykuta/sandbox/hostmaker/pygo/pygobject-3.12.2/conftest.c:60: undefined reference to `shl_load'
collect2: error: ld returned 1 exit status
configure:11169: $? = 1
configure: failed program was:
| /* confdefs.h */
| #define PACKAGE_NAME "pygobject"
| #define PACKAGE_TARNAME "pygobject"
| #define PACKAGE_VERSION "3.12.2"
| #define PACKAGE_STRING "pygobject 3.12.2"
| #define PACKAGE_BUGREPORT "http://bugzilla.gnome.org/enter_bug.cgi?product=pygobject"
| #define PACKAGE_URL "https://live.gnome.org/PyGObject/"
| #define PYGOBJECT_MAJOR_VERSION 3
| #define PYGOBJECT_MINOR_VERSION 12
| #define PYGOBJECT_MICRO_VERSION 2
| #define PACKAGE "pygobject"
| #define VERSION "3.12.2"
| #define STDC_HEADERS 1
| #define HAVE_SYS_TYPES_H 1
| #define HAVE_SYS_STAT_H 1
| #define HAVE_STDLIB_H 1
| #define HAVE_STRING_H 1
| #define HAVE_MEMORY_H 1
| #define HAVE_STRINGS_H 1
| #define HAVE_INTTYPES_H 1
| #define HAVE_STDINT_H 1
| #define HAVE_UNISTD_H 1
| #define HAVE_DLFCN_H 1
| #define LT_OBJDIR ".libs/"
| /* end confdefs.h.  */
| /* Define shl_load to an innocuous variant, in case <limits.h> declares shl_load.
|    For example, HP-UX 11i <limits.h> declares gettimeofday.  */
| #define shl_load innocuous_shl_load
| 
| /* System header to define __stub macros and hopefully few prototypes,
|     which can conflict with char shl_load (); below.
|     Prefer <limits.h> to <assert.h> if __STDC__ is defined, since
|     <limits.h> exists even on freestanding compilers.  */
| 
| #ifdef __STDC__
| # include <limits.h>
| #else
| # include <assert.h>
| #endif
| 
| #undef shl_load
| 
| /* Override any GCC internal prototype to avoid an error.
|    Use char because int might match the return type of a GCC
|    builtin and then its argument prototype would still apply.  */
| #ifdef __cplusplus
| extern "C"
| #endif
| char shl_load ();
| /* The GNU C library defines this for functions which it implements
|     to always fail with ENOSYS.  Some functions are actually named
|     something starting with __ and the normal name is an alias.  */
| #if defined __stub_shl_load || defined __stub___shl_load
| choke me
| #endif
| 
| int
| main ()
| {
| return shl_load ();
|   ;
|   return 0;
| }
configure:11169: result: no
configure:11173: checking for shl_load in -ldld
configure:11198: gcc -o conftest -g -O2   conftest.c -ldld   >&5
/usr/bin/ld: cannot find -ldld
collect2: error: ld returned 1 exit status
configure:11198: $? = 1
configure: failed program was:
| /* confdefs.h */
| #define PACKAGE_NAME "pygobject"
| #define PACKAGE_TARNAME "pygobject"
| #define PACKAGE_VERSION "3.12.2"
| #define PACKAGE_STRING "pygobject 3.12.2"
| #define PACKAGE_BUGREPORT "http://bugzilla.gnome.org/enter_bug.cgi?product=pygobject"
| #define PACKAGE_URL "https://live.gnome.org/PyGObject/"
| #define PYGOBJECT_MAJOR_VERSION 3
| #define PYGOBJECT_MINOR_VERSION 12
| #define PYGOBJECT_MICRO_VERSION 2
| #define PACKAGE "pygobject"
| #define VERSION "3.12.2"
| #define STDC_HEADERS 1
| #define HAVE_SYS_TYPES_H 1
| #define HAVE_SYS_STAT_H 1
| #define HAVE_STDLIB_H 1
| #define HAVE_STRING_H 1
| #define HAVE_MEMORY_H 1
| #define HAVE_STRINGS_H 1
| #define HAVE_INTTYPES_H 1
| #define HAVE_STDINT_H 1
| #define HAVE_UNISTD_H 1
| #define HAVE_DLFCN_H 1
| #define LT_OBJDIR ".libs/"
| /* end confdefs.h.  */
| 
| /* Override any GCC internal prototype to avoid an error.
|    Use char because int might match the return type of a GCC
|    builtin and then its argument prototype would still apply.  */
| #ifdef __cplusplus
| extern "C"
| #endif
| char shl_load ();
| int
| main ()
| {
| return shl_load ();
|   ;
|   return 0;
| }
configure:11207: result: no
configure:11212: checking for dlopen
configure:11212: gcc -o conftest -g -O2   conftest.c  >&5
/tmp/ccyPw049.o: In function `main':
/home/dkykuta/sandbox/hostmaker/pygo/pygobject-3.12.2/conftest.c:60: undefined reference to `dlopen'
collect2: error: ld returned 1 exit status
configure:11212: $? = 1
configure: failed program was:
| /* confdefs.h */
| #define PACKAGE_NAME "pygobject"
| #define PACKAGE_TARNAME "pygobject"
| #define PACKAGE_VERSION "3.12.2"
| #define PACKAGE_STRING "pygobject 3.12.2"
| #define PACKAGE_BUGREPORT "http://bugzilla.gnome.org/enter_bug.cgi?product=pygobject"
| #define PACKAGE_URL "https://live.gnome.org/PyGObject/"
| #define PYGOBJECT_MAJOR_VERSION 3
| #define PYGOBJECT_MINOR_VERSION 12
| #define PYGOBJECT_MICRO_VERSION 2
| #define PACKAGE "pygobject"
| #define VERSION "3.12.2"
| #define STDC_HEADERS 1
| #define HAVE_SYS_TYPES_H 1
| #define HAVE_SYS_STAT_H 1
| #define HAVE_STDLIB_H 1
| #define HAVE_STRING_H 1
| #define HAVE_MEMORY_H 1
| #define HAVE_STRINGS_H 1
| #define HAVE_INTTYPES_H 1
| #define HAVE_STDINT_H 1
| #define HAVE_UNISTD_H 1
| #define HAVE_DLFCN_H 1
| #define LT_OBJDIR ".libs/"
| /* end confdefs.h.  */
| /* Define dlopen to an innocuous variant, in case <limits.h> declares dlopen.
|    For example, HP-UX 11i <limits.h> declares gettimeofday.  */
| #define dlopen innocuous_dlopen
| 
| /* System header to define __stub macros and hopefully few prototypes,
|     which can conflict with char dlopen (); below.
|     Prefer <limits.h> to <assert.h> if __STDC__ is defined, since
|     <limits.h> exists even on freestanding compilers.  */
| 
| #ifdef __STDC__
| # include <limits.h>
| #else
| # include <assert.h>
| #endif
| 
| #undef dlopen
| 
| /* Override any GCC internal prototype to avoid an error.
|    Use char because int might match the return type of a GCC
|    builtin and then its argument prototype would still apply.  */
| #ifdef __cplusplus
| extern "C"
| #endif
| char dlopen ();
| /* The GNU C library defines this for functions which it implements
|     to always fail with ENOSYS.  Some functions are actually named
|     something starting with __ and the normal name is an alias.  */
| #if defined __stub_dlopen || defined __stub___dlopen
| choke me
| #endif
| 
| int
| main ()
| {
| return dlopen ();
|   ;
|   return 0;
| }
configure:11212: result: no
configure:11216: checking for dlopen in -ldl
configure:11241: gcc -o conftest -g -O2   conftest.c -ldl   >&5
configure:11241: $? = 0
configure:11250: result: yes
configure:11369: checking whether a program can dlopen itself
configure:11449: gcc -o conftest -g -O2  -DHAVE_DLFCN_H  -Wl,--export-dynamic conftest.c -ldl  >&5
configure:11452: $? = 0
configure:11470: result: yes
configure:11475: checking whether a statically linked program can dlopen itself
configure:11555: gcc -o conftest -g -O2  -DHAVE_DLFCN_H  -Wl,--export-dynamic -static conftest.c -ldl  >&5
/tmp/cc4asFZd.o: In function `main':
/home/dkykuta/sandbox/hostmaker/pygo/pygobject-3.12.2/configure:11534: warning: Using 'dlopen' in statically linked applications requires at runtime the shared libraries from the glibc version used for linking
/usr/bin/ld: dynamic STT_GNU_IFUNC symbol `strcmp' with pointer equality in `/usr/lib/gcc/x86_64-linux-gnu/4.8/../../../x86_64-linux-gnu/libc.a(strcmp.o)' can not be used when making an executable; recompile with -fPIE and relink with -pie
collect2: error: ld returned 1 exit status
configure:11558: $? = 1
configure:11576: result: no
configure:11615: checking whether stripping libraries is possible
configure:11620: result: yes
configure:11655: checking if libtool supports shared libraries
configure:11657: result: yes
configure:11660: checking whether to build shared libraries
configure:11681: result: yes
configure:11684: checking whether to build static libraries
configure:11688: result: no
configure:11726: checking for library containing strerror
configure:11757: gcc -o conftest -g -O2   conftest.c  >&5
configure:11757: $? = 0
configure:11774: result: none required
configure:11830: checking for gcc
configure:11857: result: gcc
configure:12086: checking for C compiler version
configure:12095: gcc --version >&5
gcc (Ubuntu 4.8.4-2ubuntu1~14.04.3) 4.8.4
Copyright (C) 2013 Free Software Foundation, Inc.
This is free software; see the source for copying conditions.  There is NO
warranty; not even for MERCHANTABILITY or FITNESS FOR A PARTICULAR PURPOSE.

configure:12106: $? = 0
configure:12095: gcc -v >&5
Using built-in specs.
COLLECT_GCC=gcc
COLLECT_LTO_WRAPPER=/usr/lib/gcc/x86_64-linux-gnu/4.8/lto-wrapper
Target: x86_64-linux-gnu
Configured with: ../src/configure -v --with-pkgversion='Ubuntu 4.8.4-2ubuntu1~14.04.3' --with-bugurl=file:///usr/share/doc/gcc-4.8/README.Bugs --enable-languages=c,c++,java,go,d,fortran,objc,obj-c++ --prefix=/usr --program-suffix=-4.8 --enable-shared --enable-linker-build-id --libexecdir=/usr/lib --without-included-gettext --enable-threads=posix --with-gxx-include-dir=/usr/include/c++/4.8 --libdir=/usr/lib --enable-nls --with-sysroot=/ --enable-clocale=gnu --enable-libstdcxx-debug --enable-libstdcxx-time=yes --enable-gnu-unique-object --disable-libmudflap --enable-plugin --with-system-zlib --disable-browser-plugin --enable-java-awt=gtk --enable-gtk-cairo --with-java-home=/usr/lib/jvm/java-1.5.0-gcj-4.8-amd64/jre --enable-java-home --with-jvm-root-dir=/usr/lib/jvm/java-1.5.0-gcj-4.8-amd64 --with-jvm-jar-dir=/usr/lib/jvm-exports/java-1.5.0-gcj-4.8-amd64 --with-arch-directory=amd64 --with-ecj-jar=/usr/share/java/eclipse-ecj.jar --enable-objc-gc --enable-multiarch --disable-werror --with-arch-32=i686 --with-abi=m64 --with-multilib-list=m32,m64,mx32 --with-tune=generic --enable-checking=release --build=x86_64-linux-gnu --host=x86_64-linux-gnu --target=x86_64-linux-gnu
Thread model: posix
gcc version 4.8.4 (Ubuntu 4.8.4-2ubuntu1~14.04.3) 
configure:12106: $? = 0
configure:12095: gcc -V >&5
gcc: error: unrecognized command line option '-V'
gcc: fatal error: no input files
compilation terminated.
configure:12106: $? = 4
configure:12095: gcc -qversion >&5
gcc: error: unrecognized command line option '-qversion'
gcc: fatal error: no input files
compilation terminated.
configure:12106: $? = 4
configure:12110: checking whether we are using the GNU C compiler
configure:12138: result: yes
configure:12147: checking whether gcc accepts -g
configure:12208: result: yes
configure:12225: checking for gcc option to accept ISO C89
configure:12301: result: none needed
configure:12323: checking dependency style of gcc
configure:12434: result: gcc3
configure:12450: checking whether gcc and cc understand -c and -o together
configure:12481: gcc -c conftest.c -o conftest2.o >&5
configure:12485: $? = 0
configure:12491: gcc -c conftest.c -o conftest2.o >&5
configure:12495: $? = 0
configure:12506: cc -c conftest.c >&5
configure:12510: $? = 0
configure:12518: cc -c conftest.c -o conftest2.o >&5
configure:12522: $? = 0
configure:12528: cc -c conftest.c -o conftest2.o >&5
configure:12532: $? = 0
configure:12550: result: yes
configure:12624: checking for a Python interpreter with version >= 2.7
configure:12641: python3 -c import sys # split strings by '.' and convert to numeric. Append some zeros # because we need at least 4 digits for the hex conversion. # map returns an iterator in Python 3.0 and a list in 2.x minver = list(map(int, '2.7'.split('.'))) + [0, 0, 0] minverhex = 0 # xrange is not present in Python 3.0 and range returns an iterator for i in list(range(0, 4)): minverhex = (minverhex << 8) + minver[i] sys.exit(sys.hexversion < minverhex)
configure:12644: $? = 0
configure:12650: result: python3
configure:12658: checking for python3
configure:12676: found /usr/bin/python3
configure:12688: result: /usr/bin/python3
configure:12706: checking for python3 version
configure:12713: result: 3.4
configure:12725: checking for python3 platform
configure:12732: result: linux
configure:12739: checking for python3 script directory
configure:12747: result: ${prefix}/lib/python3.4/site-packages
configure:12756: checking for python3 extension module directory
configure:12764: result: ${exec_prefix}/lib/python3.4/site-packages
configure:12788: /usr/bin/python3 -c import sys # split strings by '.' and convert to numeric. Append some zeros # because we need at least 4 digits for the hex conversion. # map returns an iterator in Python 3.0 and a list in 2.x minver = list(map(int, '3.0'.split('.'))) + [0, 0, 0] minverhex = 0 # xrange is not present in Python 3.0 and range returns an iterator for i in list(range(0, 4)): minverhex = (minverhex << 8) + minver[i] sys.exit(sys.hexversion < minverhex)
configure:12791: $? = 0
configure:12800: checking for /usr/bin/python3 >= 3.1
configure:12811: /usr/bin/python3 -c import sys # split strings by '.' and convert to numeric. Append some zeros # because we need at least 4 digits for the hex conversion. # map returns an iterator in Python 3.0 and a list in 2.x minver = list(map(int, '3.1'.split('.'))) + [0, 0, 0] minverhex = 0 # xrange is not present in Python 3.0 and range returns an iterator for i in list(range(0, 4)): minverhex = (minverhex << 8) + minver[i] sys.exit(sys.hexversion < minverhex)
configure:12814: $? = 0
configure:12816: result: yes
configure:12892: checking for python version
configure:12899: result: 3.4
configure:12911: checking for python platform
configure:12918: result: linux
configure:12944: checking for python script directory
configure:12979: result: ${prefix}/lib/python3.4/site-packages
configure:12988: checking for python extension module directory
configure:13023: result: ${exec_prefix}/lib/python3.4/site-packages
configure:13037: checking for headers required to compile python extensions
configure:13055: gcc -E  -I/usr/include/python3.4m -I/usr/include/python3.4m conftest.c
configure:13055: $? = 0
configure:13056: result: found
configure:13113: checking for PySignal_SetWakeupFd in Python.h
configure:13128: gcc -c -g -O2 -Wall -Werror -I/usr/include/python3.4m -I/usr/include/python3.4m conftest.c >&5
configure:13128: $? = 0
configure:13134: result: yes
configure:13156: checking for python module thread
configure:13185: result: no
configure:13193: checking for python module _thread
configure:13219: result: yes
configure:13230: checking whether to enable threading in pygobject
configure:13235: result: yes
configure:13332: checking for pkg-config
configure:13350: found /usr/bin/pkg-config
configure:13362: result: /usr/bin/pkg-config
configure:13387: checking pkg-config is at least version 0.16
configure:13390: result: yes
configure:13407: checking for GLIB - version >= 2.38.0
configure:13519: gcc -o conftest -g -O2 -pthread -I/usr/include/glib-2.0 -I/usr/lib/x86_64-linux-gnu/glib-2.0/include      conftest.c -pthread -lgobject-2.0 -lgthread-2.0 -lglib-2.0    >&5
configure:13519: $? = 0
configure:13519: ./conftest
configure:13519: $? = 0
configure:13533: result: yes (version 2.40.2)
configure:13638: checking for FFI
configure:13645: $PKG_CONFIG --exists --print-errors "libffi >= 3.0"
configure:13648: $? = 0
configure:13662: $PKG_CONFIG --exists --print-errors "libffi >= 3.0"
configure:13665: $? = 0
configure:13723: result: yes
configure:13735: checking for GIO
configure:13742: $PKG_CONFIG --exists --print-errors "gio-2.0 >= 2.38.0"
configure:13745: $? = 0
configure:13759: $PKG_CONFIG --exists --print-errors "gio-2.0 >= 2.38.0"
configure:13762: $? = 0
configure:13820: result: yes
configure:13835: checking for GI
configure:13844: $PKG_CONFIG --exists --print-errors "glib-2.0 >= 2.38.0
    gobject-introspection-1.0 >= 1.38.0
"
configure:13849: $? = 0
configure:13867: $PKG_CONFIG --exists --print-errors "glib-2.0 >= 2.38.0
    gobject-introspection-1.0 >= 1.38.0
"
configure:13872: $? = 0
configure:13938: result: yes
configure:13949: checking for CAIRO
configure:13956: $PKG_CONFIG --exists --print-errors "cairo cairo-gobject"
configure:13959: $? = 0
configure:13973: $PKG_CONFIG --exists --print-errors "cairo cairo-gobject"
configure:13976: $? = 0
configure:14034: result: yes
configure:14042: checking for PYCAIRO
configure:14050: $PKG_CONFIG --exists --print-errors "py3cairo >= 1.10.0
        "
configure:14054: $? = 0
configure:14070: $PKG_CONFIG --exists --print-errors "py3cairo >= 1.10.0
        "
configure:14074: $? = 0
configure:14136: result: yes
configure:14333: checking whether gcc understands -Wall
configure:14346: gcc -c -g -O2 -Wall   conftest.c >&5
configure:14346: $? = 0
configure:14353: result: yes
configure:14333: checking whether gcc understands -Wstrict-prototypes
configure:14346: gcc -c -g -O2 -Wstrict-prototypes   conftest.c >&5
conftest.c:29:1: warning: function declaration isn't a prototype [-Wstrict-prototypes]
 main ()
 ^
configure:14346: $? = 0
configure:14353: result: yes
configure:14333: checking whether gcc understands -Wnested-externs
configure:14346: gcc -c -g -O2 -Wnested-externs   conftest.c >&5
configure:14346: $? = 0
configure:14353: result: yes
configure:14333: checking whether gcc understands -Werror=missing-prototypes
configure:14346: gcc -c -g -O2 -Werror=missing-prototypes   conftest.c >&5
configure:14346: $? = 0
configure:14353: result: yes
configure:14333: checking whether gcc understands -Werror=implicit-function-declaration
configure:14346: gcc -c -g -O2 -Werror=implicit-function-declaration   conftest.c >&5
configure:14346: $? = 0
configure:14353: result: yes
configure:14333: checking whether gcc understands -Werror=pointer-arith
configure:14346: gcc -c -g -O2 -Werror=pointer-arith   conftest.c >&5
configure:14346: $? = 0
configure:14353: result: yes
configure:14333: checking whether gcc understands -Werror=init-self
configure:14346: gcc -c -g -O2 -Werror=init-self   conftest.c >&5
configure:14346: $? = 0
configure:14353: result: yes
configure:14333: checking whether gcc understands -Werror=format-security
configure:14346: gcc -c -g -O2 -Werror=format-security   conftest.c >&5
configure:14346: $? = 0
configure:14353: result: yes
configure:14333: checking whether gcc understands -Werror=format=2
configure:14346: gcc -c -g -O2 -Werror=format=2   conftest.c >&5
configure:14346: $? = 0
configure:14353: result: yes
configure:14333: checking whether gcc understands -Werror=missing-include-dirs
configure:14346: gcc -c -g -O2 -Werror=missing-include-dirs   conftest.c >&5
configure:14346: $? = 0
configure:14353: result: yes
configure:14363: checking what warning flags to pass to the C compiler
configure:14365: result:  -Wall -Wstrict-prototypes -Wnested-externs -Werror=missing-prototypes -Werror=implicit-function-declaration -Werror=pointer-arith -Werror=init-self -Werror=format-security -Werror=format=2 -Werror=missing-include-dirs
configure:14376: checking what language compliance flags to pass to the C compiler
configure:14391: result: 
configure:14397: checking for Gnome code coverage support
configure:14399: result: yes
configure:14402: checking whether to build with code coverage support
configure:14421: result: no
configure:14646: checking whether gcc understands -Wall
configure:14659: gcc -c -g -O2 -Wall   conftest.c >&5
configure:14659: $? = 0
configure:14665: result: yes
configure:14679: checking whether gcc understands -Werror=unused-variable
configure:14692: gcc -c -g -O2 -Wall -Werror=unused-variable   conftest.c >&5
configure:14692: $? = 0
configure:14698: result: yes
configure:14712: checking whether gcc understands -fno-strict-aliasing
configure:14725: gcc -c -g -O2 -Wall -Werror=unused-variable -fno-strict-aliasing   conftest.c >&5
configure:14725: $? = 0
configure:14731: result: yes
configure:14745: checking whether gcc understands -Werror=declaration-after-statement
configure:14758: gcc -c -g -O2 -Wall -Werror=unused-variable -fno-strict-aliasing -Werror=declaration-after-statement   conftest.c >&5
configure:14758: $? = 0
configure:14764: result: yes
configure:14783: checking whether gcc understands -std=c90
configure:14796: gcc -c -g -O2 -Wall -Werror=unused-variable -fno-strict-aliasing -Werror=declaration-after-statement -std=c90   conftest.c >&5
configure:14796: $? = 0
configure:14802: result: yes
configure:14928: checking that generated files are newer than configure
configure:14934: result: done
configure:14981: creating ./config.status

## ---------------------- ##
## Running config.status. ##
## ---------------------- ##

This file was extended by pygobject config.status 3.12.2, which was
generated by GNU Autoconf 2.69.  Invocation command line was

  CONFIG_FILES    = 
  CONFIG_HEADERS  = 
  CONFIG_LINKS    = 
  CONFIG_COMMANDS = 
  $ ./config.status 

on CI-97819-3

config.status:1239: creating Makefile
config.status:1239: creating pygobject-3.0.pc
config.status:1239: creating pygobject-3.0-uninstalled.pc
config.status:1239: creating gi/Makefile
config.status:1239: creating gi/repository/Makefile
config.status:1239: creating gi/overrides/Makefile
config.status:1239: creating gi/_gobject/Makefile
config.status:1239: creating examples/Makefile
config.status:1239: creating tests/Makefile
config.status:1239: creating pygtkcompat/Makefile
config.status:1239: creating PKG-INFO
config.status:1239: creating config.h
config.status:1468: executing depfiles commands
config.status:1468: executing libtool commands
configure:17229: result:
	pygobject 3.12.2

	Using python interpreter:	/usr/bin/python3
	cairo support:			yes
	thread support:			yes
	code coverage support:          no


## ---------------- ##
## Cache variables. ##
## ---------------- ##

ac_cv_build=x86_64-unknown-linux-gnu
ac_cv_c_compiler_gnu=yes
ac_cv_env_CAIRO_CFLAGS_set=
ac_cv_env_CAIRO_CFLAGS_value=
ac_cv_env_CAIRO_LIBS_set=
ac_cv_env_CAIRO_LIBS_value=
ac_cv_env_CC_set=
ac_cv_env_CC_value=
ac_cv_env_CFLAGS_set=
ac_cv_env_CFLAGS_value=
ac_cv_env_CPPFLAGS_set=
ac_cv_env_CPPFLAGS_value=
ac_cv_env_CPP_set=
ac_cv_env_CPP_value=
ac_cv_env_FFI_CFLAGS_set=
ac_cv_env_FFI_CFLAGS_value=
ac_cv_env_FFI_LIBS_set=
ac_cv_env_FFI_LIBS_value=
ac_cv_env_GIO_CFLAGS_set=
ac_cv_env_GIO_CFLAGS_value=
ac_cv_env_GIO_LIBS_set=
ac_cv_env_GIO_LIBS_value=
ac_cv_env_GI_CFLAGS_set=
ac_cv_env_GI_CFLAGS_value=
ac_cv_env_GI_LIBS_set=
ac_cv_env_GI_LIBS_value=
ac_cv_env_LDFLAGS_set=
ac_cv_env_LDFLAGS_value=
ac_cv_env_LIBS_set=
ac_cv_env_LIBS_value=
ac_cv_env_PKG_CONFIG_LIBDIR_set=
ac_cv_env_PKG_CONFIG_LIBDIR_value=
ac_cv_env_PKG_CONFIG_PATH_set=
ac_cv_env_PKG_CONFIG_PATH_value=
ac_cv_env_PKG_CONFIG_set=
ac_cv_env_PKG_CONFIG_value=
ac_cv_env_PYCAIRO_CFLAGS_set=
ac_cv_env_PYCAIRO_CFLAGS_value=
ac_cv_env_PYCAIRO_LIBS_set=
ac_cv_env_PYCAIRO_LIBS_value=
ac_cv_env_PYTHON_set=
ac_cv_env_PYTHON_value=
ac_cv_env_build_alias_set=
ac_cv_env_build_alias_value=
ac_cv_env_host_alias_set=
ac_cv_env_host_alias_value=
ac_cv_env_target_alias_set=
ac_cv_env_target_alias_value=
ac_cv_func_dlopen=no
ac_cv_func_shl_load=no
ac_cv_header_dlfcn_h=yes
ac_cv_header_inttypes_h=yes
ac_cv_header_memory_h=yes
ac_cv_header_stdc=yes
ac_cv_header_stdint_h=yes
ac_cv_header_stdlib_h=yes
ac_cv_header_string_h=yes
ac_cv_header_strings_h=yes
ac_cv_header_sys_stat_h=yes
ac_cv_header_sys_types_h=yes
ac_cv_header_unistd_h=yes
ac_cv_host=x86_64-unknown-linux-gnu
ac_cv_lib_dl_dlopen=yes
ac_cv_lib_dld_shl_load=no
ac_cv_objext=o
ac_cv_path_EGREP='/bin/grep -E'
ac_cv_path_FGREP='/bin/grep -F'
ac_cv_path_GREP=/bin/grep
ac_cv_path_PYTHON=/usr/bin/python3
ac_cv_path_SED=/bin/sed
ac_cv_path_ac_pt_PKG_CONFIG=/usr/bin/pkg-config
ac_cv_path_install='/usr/bin/install -c'
ac_cv_path_mkdir=/bin/mkdir
ac_cv_prog_AWK=gawk
ac_cv_prog_CPP='gcc -E'
ac_cv_prog_ac_ct_AR=ar
ac_cv_prog_ac_ct_CC=gcc
ac_cv_prog_ac_ct_MANIFEST_TOOL=mt
ac_cv_prog_ac_ct_OBJDUMP=objdump
ac_cv_prog_ac_ct_RANLIB=ranlib
ac_cv_prog_ac_ct_STRIP=strip
ac_cv_prog_cc_c89=
ac_cv_prog_cc_g=yes
ac_cv_prog_cc_gcc_c_o=yes
ac_cv_prog_make_make_set=yes
ac_cv_search_strerror='none required'
am_cv_CC_dependencies_compiler_type=gcc3
am_cv_make_support_nested_variables=yes
am_cv_pathless_PYTHON=python3
am_cv_python_platform=linux
am_cv_python_pyexecdir='${exec_prefix}/lib/python3.4/site-packages'
am_cv_python_pythondir='${prefix}/lib/python3.4/site-packages'
am_cv_python_version=3.4
lt_cv_ar_at_file=@
lt_cv_archive_cmds_need_lc=no
lt_cv_deplibs_check_method=pass_all
lt_cv_dlopen=dlopen
lt_cv_dlopen_libs=-ldl
lt_cv_dlopen_self=yes
lt_cv_dlopen_self_static=no
lt_cv_file_magic_cmd='$MAGIC_CMD'
lt_cv_file_magic_test_file=
lt_cv_ld_reload_flag=-r
lt_cv_nm_interface='BSD nm'
lt_cv_objdir=.libs
lt_cv_path_LD=/usr/bin/ld
lt_cv_path_NM='/usr/bin/nm -B'
lt_cv_path_mainfest_tool=no
lt_cv_prog_compiler_c_o=yes
lt_cv_prog_compiler_pic='-fPIC -DPIC'
lt_cv_prog_compiler_pic_works=yes
lt_cv_prog_compiler_rtti_exceptions=no
lt_cv_prog_compiler_static_works=yes
lt_cv_prog_gnu_ld=yes
lt_cv_sharedlib_from_linklib_cmd='printf %s\n'
lt_cv_shlibpath_overrides_runpath=no
lt_cv_sys_global_symbol_pipe='sed -n -e '\''s/^.*[	 ]\([ABCDGIRSTW][ABCDGIRSTW]*\)[	 ][	 ]*\([_A-Za-z][_A-Za-z0-9]*\)$/\1 \2 \2/p'\'' | sed '\''/ __gnu_lto/d'\'''
lt_cv_sys_global_symbol_to_c_name_address='sed -n -e '\''s/^: \([^ ]*\)[ ]*$/  {\"\1\", (void *) 0},/p'\'' -e '\''s/^[ABCDGIRSTW]* \([^ ]*\) \([^ ]*\)$/  {"\2", (void *) \&\2},/p'\'''
lt_cv_sys_global_symbol_to_c_name_address_lib_prefix='sed -n -e '\''s/^: \([^ ]*\)[ ]*$/  {\"\1\", (void *) 0},/p'\'' -e '\''s/^[ABCDGIRSTW]* \([^ ]*\) \(lib[^ ]*\)$/  {"\2", (void *) \&\2},/p'\'' -e '\''s/^[ABCDGIRSTW]* \([^ ]*\) \([^ ]*\)$/  {"lib\2", (void *) \&\2},/p'\'''
lt_cv_sys_global_symbol_to_cdecl='sed -n -e '\''s/^T .* \(.*\)$/extern int \1();/p'\'' -e '\''s/^[ABCDGIRSTW]* .* \(.*\)$/extern char \1;/p'\'''
lt_cv_sys_max_cmd_len=1572864
lt_cv_to_host_file_cmd=func_convert_file_noop
lt_cv_to_tool_file_cmd=func_convert_file_noop
pkg_cv_CAIRO_CFLAGS='-I/usr/include/cairo -I/usr/include/glib-2.0 -I/usr/lib/x86_64-linux-gnu/glib-2.0/include -I/usr/include/pixman-1 -I/usr/include/freetype2 -I/usr/include/libpng12  '
pkg_cv_CAIRO_LIBS='-lcairo-gobject -lcairo -lgobject-2.0 -lglib-2.0  '
pkg_cv_FFI_CFLAGS=' '
pkg_cv_FFI_LIBS='-lffi  '
pkg_cv_GIO_CFLAGS='-pthread -I/usr/include/glib-2.0 -I/usr/lib/x86_64-linux-gnu/glib-2.0/include  '
pkg_cv_GIO_LIBS='-lgio-2.0 -lgobject-2.0 -lglib-2.0  '
pkg_cv_GI_CFLAGS='-pthread -I/usr/include/glib-2.0 -I/usr/lib/x86_64-linux-gnu/glib-2.0/include -I/usr/include/gobject-introspection-1.0  '
pkg_cv_GI_LIBS='-lgirepository-1.0 -lgobject-2.0 -lglib-2.0  '
pkg_cv_PYCAIRO_CFLAGS='-I/usr/include/cairo -I/usr/include/glib-2.0 -I/usr/lib/x86_64-linux-gnu/glib-2.0/include -I/usr/include/pixman-1 -I/usr/include/freetype2 -I/usr/include/libpng12 -I/usr/include/pycairo  '
pkg_cv_PYCAIRO_LIBS='-lcairo  '
py_cv_mod__thread_=yes
py_cv_mod_thread_=no

## ----------------- ##
## Output variables. ##
## ----------------- ##










	$(LCOV) $(code_coverage_quiet) --directory $(CODE_COVERAGE_DIRECTORY) --capture --output-file "$(CODE_COVERAGE_OUTPUT_FILE).tmp" --test-name "$(PACKAGE_NAME)-$(PACKAGE_VERSION)" --no-checksum --compat-libtool $(CODE_COVERAGE_LCOV_OPTIONS)
	$(LCOV) $(code_coverage_quiet) --directory $(CODE_COVERAGE_DIRECTORY) --remove "$(CODE_COVERAGE_OUTPUT_FILE).tmp" "/tmp/*" $(CODE_COVERAGE_IGNORE_PATTERN) --output-file "$(CODE_COVERAGE_OUTPUT_FILE)"
	$(MAKE) $(AM_MAKEFLAGS) code-coverage-capture
	-$(LCOV) --directory $(top_builddir) -z
	-$(MAKE) $(AM_MAKEFLAGS) -k check
	-@rm -f $(CODE_COVERAGE_OUTPUT_FILE).tmp
	-find . -name "*.gcda" -o -name "*.gcov" -delete
	-rm -rf $(CODE_COVERAGE_OUTPUT_FILE) $(CODE_COVERAGE_OUTPUT_FILE).tmp $(CODE_COVERAGE_OUTPUT_DIRECTORY)
	@echo "Need to reconfigure with --enable-code-coverage"
	@echo "Need to reconfigure with --enable-code-coverage"
	@echo "file://$(abs_builddir)/$(CODE_COVERAGE_OUTPUT_DIRECTORY)/index.html"
	LANG=C $(GENHTML) $(code_coverage_quiet) --prefix $(CODE_COVERAGE_DIRECTORY) --output-directory "$(CODE_COVERAGE_OUTPUT_DIRECTORY)" --title "$(PACKAGE_NAME)-$(PACKAGE_VERSION) Code Coverage" --legend --show-details "$(CODE_COVERAGE_OUTPUT_FILE)" $(CODE_COVERAGE_GENHTML_OPTIONS)
#
#
#    $(PACKAGE_NAME)-$(PACKAGE_VERSION)-coverage)
#    $(PACKAGE_NAME)-$(PACKAGE_VERSION)-coverage.info)
#    (Default: $(top_builddir))
#    (Default: empty)
#    by lcov for code coverage. (Default:
#    instance. (Default: empty)
#    reports to be created. (Default:
#  - CODE_COVERAGE_DIRECTORY: Top-level directory for code coverage reporting.
#  - CODE_COVERAGE_GENHTML_OPTIONS: Extra options to pass to the genhtml
#  - CODE_COVERAGE_IGNORE_PATTERN: Extra glob pattern of files to ignore
#  - CODE_COVERAGE_LCOV_OPTIONS: Extra options to pass to the lcov instance.
#  - CODE_COVERAGE_OUTPUT_DIRECTORY: Directory for generated code coverage
#  - CODE_COVERAGE_OUTPUT_FILE: Filename and path for the .info file generated
# $(PACKAGE_VERSION). In order to add the current git hash to the title,
# Capture code coverage data
# Code coverage
# Hook rule executed before code-coverage-capture, overridable by the user
# Optional variables
# Optional:
# The generated report will be titled using the $(PACKAGE_NAME) and
# Use recursive makes in order to ignore errors during check
# use the git-version-gen script, available online.
'
.PHONY: check-code-coverage code-coverage-capture code-coverage-capture-hook code-coverage-clean
ACLOCAL='${SHELL} /home/dkykuta/sandbox/hostmaker/pygo/pygobject-3.12.2/missing aclocal-1.13 '
ACLOCAL_AMFLAGS='-I m4 -I .'
AMDEPBACKSLASH='\'
AMDEP_FALSE='#'
AMDEP_TRUE=''
AMTAR='$${TAR-tar}'
AM_BACKSLASH='\'
AM_DEFAULT_V='$(AM_DEFAULT_VERBOSITY)'
AM_DEFAULT_VERBOSITY='0'
AM_V='$(V)'
AR='ar'
AS='as'
AUTOCONF='${SHELL} /home/dkykuta/sandbox/hostmaker/pygo/pygobject-3.12.2/missing autoconf'
AUTOHEADER='${SHELL} /home/dkykuta/sandbox/hostmaker/pygo/pygobject-3.12.2/missing autoheader'
AUTOMAKE='${SHELL} /home/dkykuta/sandbox/hostmaker/pygo/pygobject-3.12.2/missing automake-1.13'
AWK='gawk'
CAIRO_CFLAGS='-I/usr/include/cairo -I/usr/include/glib-2.0 -I/usr/lib/x86_64-linux-gnu/glib-2.0/include -I/usr/include/pixman-1 -I/usr/include/freetype2 -I/usr/include/libpng12  '
CAIRO_LIBS='-lcairo-gobject -lcairo -lgobject-2.0 -lglib-2.0  '
CC='gcc'
CCDEPMODE='depmode=gcc3'
CFLAGS='-g -O2 -Wall -Werror=unused-variable -fno-strict-aliasing -Werror=declaration-after-statement -std=c90  -Wall -Wstrict-prototypes -Wnested-externs -Werror=missing-prototypes -Werror=implicit-function-declaration -Werror=pointer-arith -Werror=init-self -Werror=format-security -Werror=format=2 -Werror=missing-include-dirs  '
CODE_COVERAGE_CFLAGS=''
CODE_COVERAGE_DIRECTORY ?= $(top_builddir)
CODE_COVERAGE_ENABLED='no'
CODE_COVERAGE_ENABLED_FALSE=''
CODE_COVERAGE_ENABLED_TRUE='#'
CODE_COVERAGE_GENHTML_OPTIONS ?=
CODE_COVERAGE_IGNORE_PATTERN ?=
CODE_COVERAGE_LCOV_OPTIONS ?=
CODE_COVERAGE_LDFLAGS=''
CODE_COVERAGE_OUTPUT_DIRECTORY ?= $(PACKAGE_NAME)-$(PACKAGE_VERSION)-coverage
CODE_COVERAGE_OUTPUT_FILE ?= $(PACKAGE_NAME)-$(PACKAGE_VERSION)-coverage.info
CPP='gcc -E'
CPPFLAGS=' '
CYGPATH_W='echo'
DATADIR='${prefix}/share'
DEFS='-DHAVE_CONFIG_H'
DEPDIR='.deps'
DISTCHECK_CONFIGURE_FLAGS += --disable-code-coverage
DISTCHECK_CONFIGURE_FLAGS ?=
DLLTOOL='false'
DSYMUTIL=''
DUMPBIN=''
ECHO_C=''
ECHO_N='-n'
ECHO_T=''
EGREP='/bin/grep -E'
ENABLE_CAIRO_FALSE='#'
ENABLE_CAIRO_TRUE=''
EXEEXT=''
FFI_CFLAGS=' '
FFI_LIBS='-lffi  '
FGREP='/bin/grep -F'
GENHTML=''
GIO_CFLAGS='-pthread -I/usr/include/glib-2.0 -I/usr/lib/x86_64-linux-gnu/glib-2.0/include  '
GIO_LIBS='-lgio-2.0 -lgobject-2.0 -lglib-2.0  '
GITIGNOREFILES += $(CODE_COVERAGE_OUTPUT_FILE) $(CODE_COVERAGE_OUTPUT_DIRECTORY)
GITIGNOREFILES ?=
GI_CFLAGS='-pthread -I/usr/include/glib-2.0 -I/usr/lib/x86_64-linux-gnu/glib-2.0/include -I/usr/include/gobject-introspection-1.0  '
GI_DATADIR='/usr/share/gobject-introspection-1.0'
GI_LIBS='-lgirepository-1.0 -lgobject-2.0 -lglib-2.0  '
GLIB_CFLAGS='-pthread -I/usr/include/glib-2.0 -I/usr/lib/x86_64-linux-gnu/glib-2.0/include  '
GLIB_COMPILE_RESOURCES='/usr/lib/x86_64-linux-gnu/glib-2.0/glib-compile-resources'
GLIB_GENMARSHAL='glib-genmarshal'
GLIB_LIBS='-pthread -lgobject-2.0 -lgthread-2.0 -lglib-2.0  '
GLIB_MKENUMS='glib-mkenums'
GNOME_CODE_COVERAGE_RULES='
GOBJECT_QUERY='gobject-query'
GREP='/bin/grep'
INSTALL_DATA='${INSTALL} -m 644'
INSTALL_PROGRAM='${INSTALL}'
INSTALL_SCRIPT='${INSTALL}'
INSTALL_STRIP_PROGRAM='$(install_sh) -c -s'
INTROSPECTION_COMPILER='/usr/bin/g-ir-compiler'
INTROSPECTION_SCANNER='/usr/bin/g-ir-scanner'
LCOV=''
LD='/usr/bin/ld -m elf_x86_64'
LDFLAGS=' '
LIBFFI_PC='libffi'
LIBOBJS=''
LIBS=''
LIBTOOL='$(SHELL) $(top_builddir)/libtool'
LIPO=''
LN_S='ln -s'
LTLIBOBJS=''
MAKEINFO='${SHELL} /home/dkykuta/sandbox/hostmaker/pygo/pygobject-3.12.2/missing makeinfo'
MANIFEST_TOOL=':'
MKDIR_P='/bin/mkdir -p'
NM='/usr/bin/nm -B'
NMEDIT=''
OBJDUMP='objdump'
OBJEXT='o'
OS_WIN32_FALSE=''
OS_WIN32_TRUE='#'
OTOOL64=''
OTOOL=''
PACKAGE='pygobject'
PACKAGE_BUGREPORT='http://bugzilla.gnome.org/enter_bug.cgi?product=pygobject'
PACKAGE_NAME='pygobject'
PACKAGE_STRING='pygobject 3.12.2'
PACKAGE_TARNAME='pygobject'
PACKAGE_URL='https://live.gnome.org/PyGObject/'
PACKAGE_VERSION='3.12.2'
PATH_SEPARATOR=':'
PKG_CONFIG='/usr/bin/pkg-config'
PKG_CONFIG_LIBDIR=''
PKG_CONFIG_PATH=''
PLATFORM='linux-x86_64'
PLATFORM_WIN32_FALSE=''
PLATFORM_WIN32_TRUE='#'
PYCAIRO_CFLAGS='-I/usr/include/cairo -I/usr/include/glib-2.0 -I/usr/lib/x86_64-linux-gnu/glib-2.0/include -I/usr/include/pixman-1 -I/usr/include/freetype2 -I/usr/include/libpng12 -I/usr/include/pycairo  '
PYCAIRO_LIBS='-lcairo  '
PYGOBJECT_MAJOR_VERSION='3'
PYGOBJECT_MICRO_VERSION='2'
PYGOBJECT_MINOR_VERSION='12'
PYTHON='/usr/bin/python3'
PYTHON_BASENAME='python3'
PYTHON_EXEC_PREFIX='${exec_prefix}'
PYTHON_INCLUDES='-I/usr/include/python3.4m -I/usr/include/python3.4m'
PYTHON_LIBS=''
PYTHON_LIB_LOC=''
PYTHON_PLATFORM='linux'
PYTHON_PREFIX='${prefix}'
PYTHON_SO='.cpython-34m.so'
PYTHON_VERSION='3.4'
RANLIB='ranlib'
SED='/bin/sed'
SET_MAKE=''
SHELL='/bin/bash'
STRIP='strip'
THREADING_CFLAGS=''
VERSION='3.12.2'
WARN_CFLAGS=' -Wall -Wstrict-prototypes -Wnested-externs -Werror=missing-prototypes -Werror=implicit-function-declaration -Werror=pointer-arith -Werror=init-self -Werror=format-security -Werror=format=2 -Werror=missing-include-dirs '
WITH_COMMON_FALSE='#'
WITH_COMMON_TRUE=''
ac_ct_AR='ar'
ac_ct_CC='gcc'
ac_ct_DUMPBIN=''
am__EXEEXT_FALSE=''
am__EXEEXT_TRUE='#'
am__fastdepCC_FALSE='#'
am__fastdepCC_TRUE=''
am__include='include'
am__isrc=''
am__leading_dot='.'
am__nodep='_no'
am__quote=''
am__tar='$${TAR-tar} chof - "$$tardir"'
am__untar='$${TAR-tar} xf -'
bindir='${exec_prefix}/bin'
build='x86_64-unknown-linux-gnu'
build_alias=''
build_cpu='x86_64'
build_os='linux-gnu'
build_vendor='unknown'
check-code-coverage:
clean: code-coverage-clean
code-coverage-capture-hook:
code-coverage-capture: code-coverage-capture-hook
code-coverage-clean:
code_coverage_quiet = $(code_coverage_quiet_$(V))
code_coverage_quiet_ = $(code_coverage_quiet_$(AM_DEFAULT_VERBOSITY))
code_coverage_quiet_0 = --quiet
datadir='${datarootdir}'
datarootdir='${prefix}/share'
docdir='${datarootdir}/doc/${PACKAGE_TARNAME}'
dvidir='${docdir}'
else
else
endif
endif
endif
exec_prefix='${prefix}'
host='x86_64-unknown-linux-gnu'
host_alias=''
host_cpu='x86_64'
host_os='linux-gnu'
host_vendor='unknown'
htmldir='${docdir}'
ifeq ($(CODE_COVERAGE_ENABLED),yes)
ifeq ($(CODE_COVERAGE_ENABLED),yes)
ifeq ($(CODE_COVERAGE_ENABLED),yes)
includedir='${prefix}/include'
infodir='${datarootdir}/info'
install_sh='${SHELL} /home/dkykuta/sandbox/hostmaker/pygo/pygobject-3.12.2/install-sh'
libdir='${exec_prefix}/lib'
libexecdir='${exec_prefix}/libexec'
localedir='${datarootdir}/locale'
localstatedir='${prefix}/var'
mandir='${datarootdir}/man'
mkdir_p='$(MKDIR_P)'
oldincludedir='/usr/include'
pdfdir='${docdir}'
pkgpyexecdir='${pyexecdir}/pygobject'
pkgpythondir='${pythondir}/pygobject'
prefix='/usr/local'
program_transform_name='s,x,x,'
psdir='${docdir}'
pyexecdir='${exec_prefix}/lib/python3.4/site-packages'
pythondir='${prefix}/lib/python3.4/site-packages'
sbindir='${exec_prefix}/sbin'
sharedstatedir='${prefix}/com'
sysconfdir='${prefix}/etc'
target_alias=''

## ----------- ##
## confdefs.h. ##
## ----------- ##

/* confdefs.h */
#define PACKAGE_NAME "pygobject"
#define PACKAGE_TARNAME "pygobject"
#define PACKAGE_VERSION "3.12.2"
#define PACKAGE_STRING "pygobject 3.12.2"
#define PACKAGE_BUGREPORT "http://bugzilla.gnome.org/enter_bug.cgi?product=pygobject"
#define PACKAGE_URL "https://live.gnome.org/PyGObject/"
#define PYGOBJECT_MAJOR_VERSION 3
#define PYGOBJECT_MINOR_VERSION 12
#define PYGOBJECT_MICRO_VERSION 2
#define PACKAGE "pygobject"
#define VERSION "3.12.2"
#define STDC_HEADERS 1
#define HAVE_SYS_TYPES_H 1
#define HAVE_SYS_STAT_H 1
#define HAVE_STDLIB_H 1
#define HAVE_STRING_H 1
#define HAVE_MEMORY_H 1
#define HAVE_STRINGS_H 1
#define HAVE_INTTYPES_H 1
#define HAVE_STDINT_H 1
#define HAVE_UNISTD_H 1
#define HAVE_DLFCN_H 1
#define LT_OBJDIR ".libs/"
#define HAVE_PYSIGNAL_SETWAKEUPFD 1

configure: exit 0
